         w _ITM_deregisterTMCloneTable
         w _ITM_registerTMCloneTable
         w __deregister_frame_info
         w __register_frame_info
00000000 b .LANCHOR4
00000000 b _TLS_MODULE_BASE_
00000000 00000401 b __fixedpath
00000000 a shift
00000000 a shift
00000404 b .LANCHOR5
00000404 00000802 b __utf16path
00000c08 b .LANCHOR6
00000c08 00000802 b __utf16path_old.0
00100000 A __start__
00100000 T _start
00100008 T __service_ptr
0010000c T __apt_appid
00100010 T __heap_size
00100014 T __linear_heap_size
00100018 T __system_arglist
0010001c T __system_runflags
00100020 t startup
00100058 t ClearMem
0010006c t ClrLoop
00100094 T _init
001000ac T __aeabi_idiv
001000ac 00000220 T __divsi3
001000b4 t .divsi3_skip_div0_test
001002cc 00000020 T __aeabi_idivmod
001002ec 00000004 W __aeabi_idiv0
001002ec 00000004 W __aeabi_ldiv0
001002f0 T __aeabi_drsub
001002f8 000002b0 T __aeabi_dsub
001002f8 000002b0 T __subdf3
001002fc 000002ac T __adddf3
001002fc 000002ac T __aeabi_dadd
001005a8 00000024 T __aeabi_ui2d
001005a8 00000024 T __floatunsidf
001005cc 00000028 T __aeabi_i2d
001005cc 00000028 T __floatsidf
001005f4 00000048 T __aeabi_f2d
001005f4 00000048 T __extendsfdf2
0010063c 00000074 T __aeabi_ul2d
0010063c 00000074 T __floatundidf
00100650 00000060 T __aeabi_l2d
00100650 00000060 T __floatdidf
001006b0 T __aeabi_uldivmod
00100708 00000390 T strcmp
00100a90 t .udivsi3_skip_div0_test
00100a90 T __aeabi_uidiv
00100a90 000001ec T __udivsi3
00100c7c 00000020 T __aeabi_uidivmod
00100c9c t deregister_tm_clones
00100cc8 t register_tm_clones
00100d00 t __do_global_dtors_aux
00100d44 t frame_dummy
00100d78 00000250 T main
00100fc8 00000034 t C2Di_FrameEndHook
00101000 00000330 T C2D_Init
00101330 00000044 T C2D_Fini
00101374 000000d0 T C2D_Prepare
00101444 0000003c T C2D_Flush
00101480 00000104 T C2D_SceneSize
00101584 00000048 T C2D_CreateScreenTarget
001015cc 00000058 T C2D_TargetClear
00101624 00000040 T C2Di_AppendVtx
00101664 0000022c T C2Di_Update
00101890 000001b0 T C2D_DrawRectangle
00101a40 00000018 t C2Di_GlyphComp
00101a58 000001cc T C2D_TextBufNew
00101c24 00000198 T C2D_TextFontParseLine
00101dbc 00000090 T C2D_TextFontParse
00101e4c 00000014 T C2D_TextParse
00101e60 0000002c T C2D_TextOptimize
00101e8c 0000034c T C2D_DrawText
001021d8 00000044 T C2D_FontGlyphIndexFromCodePoint
0010221c 00000078 T C2D_FontCalcGlyphPos
00102294 00000004 W C3Di_LightEnvUpdate
00102298 00000004 W C3Di_LightEnvDirty
0010229c 000000ac t C3Di_AptEventHook
00102348 00000004 W C3Di_GasUpdate
0010234c 000001e0 T C3D_Init
0010252c 00000098 T C3D_SetViewport
001025c4 000004ec T C3Di_UpdateContext
00102ab0 000000e0 T C3Di_SplitFrame
00102b90 00000044 T C3D_Fini
00102bd4 00000108 T C3D_BindProgram
00102cdc 0000004c t onVBlank0
00102d28 0000004c t onVBlank1
00102d74 00000080 t C3Di_RenderTargetDestroy
00102df4 000000ec t onQueueFinish
00102ee0 00000060 T C3Di_RenderQueueInit
00102f40 000000b0 T C3Di_RenderQueueExit
00102ff0 00000034 T C3Di_RenderQueueWaitDone
00103024 000000e4 T C3D_FrameBegin
00103108 00000048 T C3D_FrameDrawOn
00103150 00000058 T C3D_FrameSplit
001031a8 000001bc T C3D_FrameEnd
00103364 0000001c T C3D_FrameEndHook
00103380 00000128 T C3D_RenderTargetCreate
001034a8 0000004c T C3D_RenderTargetSetOutput
001034f4 00000044 T C3D_TexBind
00103538 0000016c T C3Di_SetTex
001036a4 0000001c T C3D_CalcColorBufSize
001036c0 0000001c T C3D_CalcDepthBufSize
001036dc 00000044 T C3D_SetFrameBuf
00103720 0000016c T C3Di_FrameBufBind
0010388c 000000cc T C3D_FrameBufClear
00103958 00000044 T C3D_FrameBufTransfer
0010399c 00000034 T C3D_GetTexEnv
001039d0 00000024 T C3Di_TexEnvBind
001039f4 00000070 T C3D_ProcTexInit
00103a64 00000054 T C3D_ProcTexBind
00103ab8 0000005c T C3D_ProcTexLutBind
00103b14 000000a4 T ProcTexLut_FromArray
00103bb8 0000017c T C3Di_ProcTexUpdate
00103d34 00000068 T C3Di_ProcTexDirty
00103d9c 0000029c T C3D_UpdateUniforms
00104038 000000c0 T C3Di_DirtyUniforms
001040f8 000000d8 T C3Di_LoadShaderUniforms
001041d0 00000028 T C3Di_ClearShaderUniforms
001041f8 00000024 T BufInfo_Init
0010421c 00000080 T BufInfo_Add
0010429c 00000040 T C3D_SetBufInfo
001042dc 00000048 T C3Di_BufInfoBind
00104324 00000148 T C3D_DrawArrays
0010446c 00000040 T C3D_DepthMap
001044ac 0000001c T C3D_CullFace
001044c8 00000040 T C3D_StencilTest
00104508 00000024 T C3D_StencilOp
0010452c 0000001c T C3D_BlendingColor
00104548 00000024 T C3D_EarlyDepthTest
0010456c 0000002c T C3D_DepthTest
00104598 0000002c T C3D_AlphaTest
001045c4 00000050 T C3D_AlphaBlend
00104614 00000030 T C3D_FragOpMode
00104644 00000044 T C3D_FragOpShadow
00104688 000001ac T C3Di_EffectBind
00104834 00000028 T AttrInfo_Init
0010485c 00000098 T AttrInfo_AddLoader
001048f4 00000054 T C3D_SetAttrInfo
00104948 00000080 T C3Di_AttrInfoBind
001049c8 000000a8 T C3D_ImmSendAttrib
00104a70 000000cc T Mtx_Ortho
00104b3c 000000cc T Mtx_OrthoTilt
00104c08 00000024 t addrMapNodeComparator(rbtree_node const*, rbtree_node const*)
00104c2c 00000004 t addrMapNodeDestructor(rbtree_node*)
00104c30 00000114 T vramMemAlign
00104d44 00000008 T vramAlloc
00104d4c 0000005c T vramFree
00104da8 00000024 t addrMapNodeComparator(rbtree_node const*, rbtree_node const*)
00104dcc 00000004 t addrMapNodeDestructor(rbtree_node*)
00104dd0 00000120 T linearMemAlign
00104ef0 00000008 T linearAlloc
00104ef8 0000005c T linearFree
00104f54 00000084 T MemPool::CoalesceRight(MemBlock*)
00104fd8 00000170 T MemPool::Allocate(MemChunk&, unsigned long, int)
00105148 000000fc T MemPool::Deallocate(MemChunk const&)
00105244 00000058 t getSysTime
0010529c 0000004c T osConvertVirtToPhys
001052e8 00000024 T osGetMemRegionUsed
00105310 00000128 T __libctru_gtod
00105438 00000034 T __ctru_speedup_config
0010546c 00000178 T consoleDrawChar
001055e4 00000124 T consolePrintChar
00105708 00000a00 T con_write
00106108 00000154 T consoleInit
0010625c 000000f4 t newRow
00106350 0000009c T fontEnsureMapped
001063ec 000000fc T fontGlyphIndexFromCodePoint
001064e8 0000006c T fontGetCharWidthInfo
00106554 000001c0 T fontCalcGlyphPos
00106714 00000808 t gfxGxHwInit
00106f1c 00000084 t gfxSetFramebufferInfo.part.0
00106fa0 00000018 T __get_bytes_per_pixel
00106fb8 00000184 T gfxSetScreenFormat
0010713c 00000010 T gfxSetDoubleBuffering
0010714c 00000274 T gfxInit
001073c0 00000010 T gfxInitDefault
001073d0 000000e0 T gfxExit
001074b0 000000a8 T gfxGetFramebuffer
00107558 000000f4 T gfxFlushBuffers
0010764c 0000016c T gfxConfigScreen
001077b8 00000020 T gfxSwapBuffersGpu
001077d8 00000094 t mappableFindAddressWithin
0010786c 00000028 T mappableInit
00107894 00000080 T mappableAlloc
00107914 00000004 T mappableFree
00107918 000001e0 T shaderInstanceInit
00107af8 00000018 T shaderInstanceGetUniformLocation
00107b10 0000001c T shaderProgramInit
00107b2c 00000064 T shaderProgramFree
00107b90 00000080 T shaderProgramSetVsh
00107c10 000008c0 T shaderProgramConfigure
001084d0 000001f8 t DVLE_GenerateOutmap.part.0
001086c8 000001cc T DVLB_ParseFile
00108894 00000038 T DVLB_Free
001088cc 00000074 T DVLE_GetUniformRegister
00108940 00000010 T GX_BindQueue
00108950 00000084 T GX_ProcessCommandList
001089d4 00000080 T GX_MemoryFill
00108a54 0000007c T GX_DisplayTransfer
00108ad0 00000074 t gxCmdQueueDoCommands.part.0
00108b44 000000c8 T gxCmdQueueInterrupt
00108c0c 0000004c T gxCmdQueueClear
00108c58 000000f8 T gxCmdQueueAdd
00108d50 00000080 T gxCmdQueueRun
00108dd0 00000060 T gxCmdQueueStop
00108e30 00000074 T gxCmdQueueWait
00108ea4 0000013c T GPUCMD_Add
00108fe0 000000ac T GPUCMD_Split
0010908c 00000040 T f32tof16
001090cc 00000040 T f32tof24
0010910c 00000044 T f32tof31
00109150 00000074 T gspInit
001091c4 0000003c T gspExit
00109200 00000030 T gspSetEventCallback
00109230 000000a0 T gspInitEventHandler
001092d0 00000040 T gspExitEventHandler
00109310 00000050 T gspWaitForEvent
00109360 00000064 T gspWaitForAnyEvent
001093c8 0000017c t gspEventThreadMain
00109544 00000114 T gspSubmitGxCommand
00109658 00000068 T GSPGPU_WriteHWRegs
001096c0 00000084 T GSPGPU_WriteHWRegsWithMask
00109744 00000070 T GSPGPU_SetBufferSwap
001097b4 00000050 T GSPGPU_FlushDataCache
00109804 00000034 T GSPGPU_SetLcdForceBlack
00109838 00000064 T GSPGPU_RegisterInterruptRelayQueue
0010989c 0000002c T GSPGPU_UnregisterInterruptRelayQueue
001098c8 00000048 T GSPGPU_AcquireRight
00109910 0000002c T GSPGPU_ReleaseRight
0010993c 0000007c T GSPGPU_ImportDisplayCaptureInfo
001099b8 0000002c T GSPGPU_SaveVramSysArea
001099e4 0000002c T GSPGPU_RestoreVramSysArea
00109a10 000000c8 T fsInit
00109ad8 0000003c T fsExit
00109b14 00000060 T fsExemptFromSession
00109b74 00000050 T fsUnexemptFromSession
00109bc4 000000cc T FSUSER_OpenFile
00109c90 000000bc T FSUSER_DeleteFile
00109d4c 000000f8 T FSUSER_RenameFile
00109e44 000000bc T FSUSER_DeleteDirectory
00109f00 000000d4 T FSUSER_CreateFile
00109fd4 000000c4 T FSUSER_CreateDirectory
0010a098 000000f8 T FSUSER_RenameDirectory
0010a190 000000b4 T FSUSER_OpenDirectory
0010a244 00000094 T FSUSER_OpenArchive
0010a2d8 0000008c T FSUSER_CloseArchive
0010a364 00000074 T FSUSER_GetSdmcArchiveResource
0010a3d8 00000064 T FSUSER_IsSdmcWritable
0010a43c 00000058 T FSFILE_Read
0010a494 00000060 T FSFILE_Write
0010a4f4 00000038 T FSFILE_GetSize
0010a52c 00000028 T FSFILE_SetSize
0010a554 0000003c T FSFILE_Close
0010a590 00000024 T FSFILE_Flush
0010a5b4 00000050 T FSDIR_Read
0010a604 0000003c T FSDIR_Close
0010a640 00000004 W _aptDebug
0010a644 00000178 T aptSendCommand
0010a7bc 000001a8 t aptEventHandler
0010a964 000000e8 t aptClearParamQueue
0010aa4c 00000030 T aptHook
0010aa7c 00000030 T aptUnhook
0010aaac 00000084 T APT_SleepIfShellClosed
0010ab30 00000084 T aptSetSleepAllowed
0010abb4 00000084 T APT_UnlockTransition
0010ac38 000000c8 T APT_ReceiveParameter
0010ad00 000000bc t aptReceiveParameter.constprop.0
0010adc0 000001d8 t aptScreenTransfer
0010af98 0000021c t aptWaitForWakeUp.isra.0
0010b1b4 0000024c T aptMainLoop
0010b400 000002b0 T aptExit
0010b6b0 000002b4 T aptInit
0010b964 00000048 T APT_CloseApplication
0010b9ac 00000018 t aptExitProcess
0010b9c4 0000007c T APT_CheckNew3DS
0010ba40 00000048 T APT_GetSharedFont
0010ba88 00000024 W hidShouldUseIrrst
0010baac 0000018c T hidInit
0010bc38 000000e8 T hidExit
0010bd20 00000294 T hidScanInput
0010bfb4 00000010 T hidKeysDown
0010bfc4 00000018 T hidTouchRead
0010bfdc 00000074 T ptmSysmInit
0010c050 0000003c T ptmSysmExit
0010c08c 00000034 T PTMSYSM_ConfigureNew3DSCPU
0010c0c0 00000010 T rbtree_init
0010c0d0 000001a0 t do_insert
0010c270 00000008 T rbtree_insert
0010c278 00000090 T rbtree_rotate
0010c308 00000338 T rbtree_remove
0010c640 00000074 T rbtree_find
0010c6b4 0000013c T decode_utf8
0010c7f0 00000038 W __libctru_init
0010c828 00000030 t __libctru_nanosleep
0010c858 00000030 t __ctru_get_reent
0010c888 000000f8 W __system_initSyscalls
0010c980 00000134 W __system_allocateHeaps
0010cab4 000000f0 W __system_initArgv
0010cba4 T svcControlMemory
0010cbc4 T svcQueryMemory
0010cbf4 T svcExitProcess
0010cbfc T svcCreateThread
0010cc1c T svcExitThread
0010cc24 T svcSleepThread
0010cc2c T svcReleaseMutex
0010cc34 T svcCreateEvent
0010cc48 T svcSignalEvent
0010cc50 T svcClearEvent
0010cc58 T svcMapMemoryBlock
0010cc60 T svcUnmapMemoryBlock
0010cc68 T svcCreateAddressArbiter
0010cc7c T svcArbitrateAddress
0010cc94 T svcCloseHandle
0010cc9c T svcWaitSynchronization
0010cca4 T svcWaitSynchronizationN
0010cccc T svcDuplicateHandle
0010cce0 T svcGetSystemTick
0010cce8 T svcGetSystemInfo
0010cd00 T svcConnectToPort
0010cd14 T svcSendSyncRequest
0010cd1c T svcBreak
0010cd24 W initSystem
0010cd74 W __ctru_exit
0010cd8c 0000000c T __sync_init
0010cd98 00000018 T __sync_fini
0010cdb0 00000010 T __sync_get_arbiter
0010cdc0 0000001c T LightLock_Init
0010cddc 00000090 T LightLock_Lock
0010ce6c 00000034 T LightLock_TryLock
0010cea0 0000005c T LightLock_Unlock
0010cefc 00000024 T RecursiveLock_Init
0010cf20 00000030 T RecursiveLock_Lock
0010cf50 0000005c T RecursiveLock_TryLock
0010cfb0 00000074 T RecursiveLock_Unlock
0010d024 00000040 T LightEvent_Init
0010d068 000000b4 T LightEvent_Clear
0010d120 000000ec T LightEvent_Signal
0010d210 000000c4 T LightEvent_Wait
0010d2d4 00000084 W envGetHandle
0010d358 00000050 W envDestroyHandles
0010d3a8 0000012c T srvInit
0010d4d4 00000058 T srvExit
0010d52c 00000080 T srvGetServiceHandleDirect
0010d5ac 00000048 T srvGetServiceHandle
0010d5f4 00000038 T srvPublishToSubscriber
0010d62c 00000188 T threadCreate
0010d7b4 0000002c T threadFree
0010d7e0 00000024 T threadJoin
0010d804 00000030 T threadGetCurrent
0010d834 00000040 T threadExit
0010d874 00000044 t _thread_begin
0010d8b8 00000160 T irrstInit
0010da18 000000cc T irrstExit
0010dae4 000000b0 T irrstScanInput
0010db94 00000024 T irrstKeysHeld
0010dbb8 0000000c T srvPmGetSessionHandle
0010dbc4 00000050 T rbtree_node_next
0010dc14 0000001c W __appInit
0010dc30 0000001c W __appExit
0010dc4c 000000a0 W __libctru_exit
0010dcec 00000014 t archive_link
0010dd00 00000014 t archive_dirreset
0010dd14 00000014 t archive_chmod
0010dd28 00000024 t error_cmp
0010dd4c 00000050 t archive_translate_error
0010dd9c 000000d4 t archive_seek
0010de70 0000007c t _archiveInit.part.0
0010deec 0000008c t archiveFindDevice.part.0
0010df78 00000230 t archive_utf16path
0010e1a8 000000a0 t _archiveUnmountDeviceStruct.part.0
0010e248 00000014 t archive_fchmod
0010e25c 00000014 t archive_statvfs
0010e270 0000015c t _archiveMountDevice
0010e3cc 000000e8 t archive_diropen
0010e4b4 000000a4 t archive_fstat
0010e558 0000006c t archive_close
0010e5c4 0000006c t archive_fsync
0010e630 00000070 t archive_dirclose
0010e6a0 000000e8 t sdmc_statvfs
0010e788 00000080 t archive_ftruncate
0010e808 000000f8 t archive_chdir
0010e900 000000b0 t archive_read
0010e9b0 000000ac t archive_unlink
0010ea5c 000000c8 t archive_rmdir
0010eb24 000000ec t archive_mkdir
0010ec10 000001a8 t archive_stat
0010edb8 00000190 t archive_rename
0010ef48 00000168 t archive_dirnext
0010f0b0 0000012c t archive_write
0010f1dc 000001f0 t archive_open
0010f3cc 00000168 T archiveMountSdmc
0010f534 00000054 T archiveUnmountAll
0010f588 000000c0 T utf8_to_utf16
0010f648 000000e8 T utf16_to_utf8
0010f730 T __aeabi_read_tp
0010f73c 00000060 T encode_utf16
0010f79c 000000fc T encode_utf8
0010f898 00000064 T decode_utf16
0010f8fc 000000b4 T ceilf
0010f9b0 00000038 T __aeabi_d2lz
0010f9b0 00000038 T __fixdfdi
0010f9e8 00000040 T __aeabi_d2ulz
0010f9e8 00000040 T __fixunsdfdi
0010fa28 00000120 T __udivmoddi4
0010fb48 00000078 T bsearch
0010fbc0 00000028 T calloc
0010fbe8 00000094 T _calloc_r
0010fc7c 0000000c T __errno
0010fc88 00000034 T exit
0010fcbc 00000160 T _fclose_r
0010fe1c 00000258 T __sflush_r
00110074 00000094 T _fflush_r
00110108 0000000c T _cleanup_r
00110114 00000184 T __sinit
00110298 0000000c T __sfp_lock_acquire
001102a4 0000000c T __sfp_lock_release
001102b0 0000003c T __libc_fini_array
001102ec 000000f8 T _malloc_trim_r
001103e4 000002e4 T _free_r
001106c8 00000070 T _fwalk_reent
00110738 0000007c T __libc_init_array
001107b4 00000138 T __smakebuf_r
001108ec 00000094 T __swhatbuf_r
00110980 00000028 T memalign
001109a8 00000148 T _memalign_r
00110af0 00000020 T malloc
00110b10 00000020 T free
00110b30 000007f0 T _malloc_r
00111320 000000e0 T memchr
00111400 0000011c T memcpy
0011151c 00000118 T memset
00111634 0000000c T __malloc_lock
00111640 0000000c T __malloc_unlock
0011164c 00000034 T printf
00111680 00000958 T qsort
00111fd8 00000028 T realloc
00112000 00000598 T _realloc_r
00112598 00000260 T setvbuf
001127f8 00000074 T sscanf
0011286c 00000044 T __sread
001128b0 00000008 T __seofread
001128b8 00000068 T __swrite
00112920 00000048 T __sseek
00112968 00000008 T __sclose
00112970 0000005c T strlen
001129cc 000000ec T strncat
00112ab8 000000dc T strncmp
00112b94 000000c0 T strncpy
00112c54 00000048 T strnlen
00112c9c 00000050 t get_arg
00112cec 00002b68 T __ssvfscanf_r
00115854 0000064c t get_arg
00115ea0 00000034 T __sprint_r
00115ed4 00002584 T _vfiprintf_r
00118458 000000d4 t __sbprintf
0011852c 0000064c t get_arg
00118b78 000038d4 T _vfprintf_r
0011c44c 000000d4 t __sbprintf
0011c520 00000054 T _wcrtomb_r
0011c574 00000028 T _wcsrtombs_r
0011c59c 00000154 T __swsetup_r
0011c6f0 00000114 T __call_exitprocs
0011c804 000001a8 t quorem
0011c9b0 000012ec T _dtoa_r
0011dc9c 000004a4 T __sfvwrite_r
0011e140 00000008 T iswspace
0011e148 0000000c T _localeconv_r
0011e154 00000010 T __locale_mb_cur_max
0011e164 00000068 T _mbrtowc_r
0011e1cc 000002fc T __utf8_mbtowc
0011e4c8 00000154 T memmove
0011e61c 00000088 T _Balloc
0011e6a4 0000001c T _Bfree
0011e6c0 000000f4 T __multadd
0011e7b4 00000110 T __s2b
0011e8c4 00000058 T __hi0bits
0011e91c 0000009c T __lo0bits
0011e9b8 000000a4 T __i2b
0011ea5c 00000204 T __multiply
0011ec60 00000120 T __pow5mult
0011ed80 0000013c T __lshift
0011eebc 00000058 T __mcmp
0011ef14 000001cc T __mdiff
0011f0e0 00000088 T __ulp
0011f168 000000d4 T __b2d
0011f23c 0000012c T __d2b
0011f368 00000078 T __ratio
0011f3e0 00000088 T __copybits
0011f468 0000005c T __any_on
0011f4c4 000000e4 T __sccl
0011f5a8 0000000c T nanf
0011f5b8 000000a8 T frexp
0011f660 00000064 T sprintf
0011f6c4 000000b8 T stpncpy
0011f77c 00000144 T strchr
0011f8c0 0000130c T _strtod_l
00120bcc 0000000c T _strtod_r
00120bd8 0000022c t _strtoll_l.constprop.0
00120e04 00000004 T _strtoll_r
00120e08 000001b0 t _strtol_l.part.0
00120fb8 0000003c T _strtol_r
00120ff4 00000244 t _strtoull_l.constprop.0
00121238 00000004 T _strtoull_r
0012123c 000001c8 t _strtoul_l.constprop.0
00121404 00000004 T _strtoul_r
00121408 00000188 T __ssprint_r
00121590 000000e0 T _sungetc_r
00121670 0000006c T __ssrefill_r
001216dc 000000c8 T _sfread_r
001217a4 0000064c t get_arg
00121df0 00003808 T _svfprintf_r
001255f8 000000a8 T __submore
001256a0 00000190 T _wcsnrtombs_l
00125830 0000004c T _wcsnrtombs_r
0012587c 000000f0 T __utf8_wctomb
0012596c 0000005c T __assert_func
001259c8 0000003c T fiprintf
00125a04 000000ec t rshift
00125af0 00000928 T __gethex
00126418 0000004c T __match
00126464 0000029c T __hexnan
00126700 0000003c T iswspace_l
0012673c 000001d4 t __jp2uc
00126910 0000009c T _jp2uc_l
001269b0 00000010 T nan
001269c0 00000014 T abort
001269d4 00000084 T category
00126a58 00000098 T _raise_r
00126af0 00000020 T raise
00126b10 00000008 t null_write
00126b18 00000018 T setDefaultDevice
00126b30 000000c8 T FindDevice
00126bf8 00000028 T RemoveDevice
00126c20 0000009c T AddDevice
00126cbc 00000020 T GetDeviceOpTab
00126cdc 00000078 T _fstat_r
00126d54 00000014 T _getpid_r
00126d68 00000008 T _isatty_r
00126d70 00000014 T _kill_r
00126d84 00000084 T _lseek_r
00126e08 00000080 T _read_r
00126e88 00000078 T _sbrk_r
00126f00 00000080 T _write_r
00126f80 00000024 T _exit
00126fa4 000001b8 T _concatenate_path
0012715c 00000160 T chdir
001272bc 00000008 T __flockfile
001272c4 00000008 T __funlockfile
001272cc 00000018 T __libc_lock_acquire
001272e4 00000018 T __libc_lock_release
001272fc 00000018 T __libc_lock_init_recursive
00127314 00000018 T __libc_lock_acquire_recursive
0012732c 00000018 T __libc_lock_release_recursive
00127344 00000018 T __libc_lock_close_recursive
0012735c 0000003c T __get_handle
00127398 000000f4 T _close_r
0012748c 00000028 T __getreent
001274b4 00000044 T strrchr
001274f8 T _fini
00128000 R render2d_shbin
0012818c R render2d_shbin_end
0012818c R render2d_shbin_size
00128190 R default_font_bin
00128990 R default_font_bin_end
00128990 R default_font_bin_size
00128a34 00000005 r colorFmtSizes
00128a3c 00000004 r depthFmtSizes
00128a40 00000010 r CSWTCH.9
00128ab4 00000030 r colorTable
00128ae4 00000070 r dotab_stdout
00128b54 00000014 r CSWTCH.66
00128b68 00000008 r framebufferInfoSt
00128bec 00000070 r archive_devoptab
00128c5c 00000030 r error_table
00128c8c 00000004 R _global_impure_ptr
00128c98 00000022 r basefix.0
00128ce4 00000010 r blanks.1
00128cf4 00000010 r zeroes.0
00128d18 00000010 r blanks.1
00128d28 00000010 r zeroes.0
00128d38 00000101 R _ctype_
00128e4c r .LC2
00128f28 00000028 R __mprec_bigtens
00128f50 000000c8 R __mprec_tens
00129018 0000000c r p05.0
00129034 00000014 r fpi.1
00129048 00000014 r fpinan.0
00129060 00000028 r tinytens
00129088 0000006c R __action_table
001290f4 00000100 R __chclass
001291f4 0000006c R __state_table
00129260 00000010 r blanks.1
00129270 00000010 r zeroes.0
00129308 00000100 R __hexdig
0012941c 000000bc r a1
001294d8 000000bc r a2
00129594 0000005b r a3
001295f0 00000070 r a6
00129660 000000a2 r a7
00129704 00000040 r a8
00129744 0000172a r b02cf
0012ae70 00001a7c r d02f4
0012c8ec 0000000c R _C_numeric_locale
0012c8f8 000031e6 r categories
0012fae0 00000070 R dotab_stdnull
0012fb50 r 
0012fb50 R __exidx_end
0012fb50 R __exidx_start
00130000 W __stacksize__
00130004 00000004 d framerate
00130008 00000008 d framerateCounter
00130010 00000004 D currentConsole
00130014 0000004c D defaultConsole
00130060 00000001 d firstConsoleInit.0
00130061 00000001 d botFormat
00130064 00000008 d doubleBuf
0013006c 00000001 d topFormat
00130070 00000004 d queueLock
00130074 00000004 d gspLastEvent
00130078 00000004 d aptFlags
0013007c 00000001 d aptHomeAllowed
00130080 00000004 d kCount
00130084 00000004 d kDelay
00130088 00000004 d kInterval
0013008c 0000000c d __sfp_recursive_mutex
00130098 0000000c d __sinit_recursive_mutex
001300a4 00000004 D _impure_ptr
001300a8 00000460 d impure_data
00130508 00000408 D __malloc_av_
00130910 00000004 D __malloc_sbrk_base
00130914 00000004 D __malloc_trim_threshold
00130918 0000000c d __malloc_recursive_mutex
00130924 0000000c D __atexit_recursive_mutex
00130930 0000016c D __global_locale
00130a9c 00000002 d numempty
00130aa0 00000004 d defaultDevice
00130aa4 0000008c D devoptab_list
00130b30 00000400 d _current_working_directory
00130f30 00000004 d __hndl_lock
00130f34 0000000c d __stderr_handle
00130f40 0000000c d __stdin_handle
00130f4c 0000000c d __stdout_handle
00130f58 00001000 d handles
00131f58 D __TMC_END__
00131f58 d __TMC_LIST__
00131f58 t __frame_dummy_init_array_entry
00131f58 T __init_array_start
00131f58 B __preinit_array_end
00131f58 B __preinit_array_start
00131f58 D __tdata_lma
00131f58 D __tdata_lma_end
00131f5c t __do_global_dtors_aux_fini_array_entry
00131f5c T __fini_array_start
00131f5c T __init_array_end
00131f60 T __bss_start__
00131f60 T __fini_array_end
00131f60 00000018 b txt_scores
00131f78 b saved_stack
00131f80 b completed.1
00131f84 b object.0
00131fa0 000005a0 B __C2Di_Context
00132540 00000040 b s_projBot
00132580 00000040 b s_projTop
001325c0 00000004 b uLoc_mdlvMtx
001325c4 00000004 b uLoc_projMtx
001325c8 00000004 b s_glyphSheets
001325cc 00000004 b s_textScale
001325d0 000002d0 B __C3D_Context
001328a0 0000000c b hookCookie
001328b0 00000010 b cpuTime
001328c0 00000004 b firstTarget
001328c4 00000008 b frameCounter
001328cc 00000004 b frameEndCb
001328d0 00000004 b frameEndCbData
001328d8 00000010 b gpuTime
001328e8 00000001 b inFrame
001328e9 00000001 b inSafeTransfer
001328ec 00000004 b lastTarget
001328f0 0000000c b linkedTarget
001328fc 00000001 b measureGpuTime
001328fd 00000001 b needSwapBot
001328fe 00000001 b needSwapTop
00132900 00000004 B C3D_BoolUnifs
00132904 00000002 B C3D_BoolUnifsDirty
00132908 00000c00 B C3D_FVUnif
00133508 000000c0 B C3D_FVUnifDirty
001335c8 00000020 B C3D_IVUnif
001335e8 00000008 B C3D_IVUnifDirty
001335f0 000000c0 b C3Di_FVUnifEverDirty
001336b0 00000008 b C3Di_IVUnifEverDirty
001336b8 00000018 b C3Di_ShaderFVecData
001336d0 0000000c b sAddrMap
001336dc 00000008 b sVramPool
001336e4 00000008 b sLinearPool
001336ec 0000000c b sAddrMap
001336f8 00000001 V __ctru_speedup
001336fc 0000004c B currentCopy
00133748 00000004 B g_sharedFont
0013374c 00000004 b sharedFontAddr
00133750 0000001c B bottomFramebufferInfo
0013376c 00000002 b currentBuffer
0013376e 00000001 b enable3d
00133770 00000004 B gfxBottomFramebufferMaxSize
00133774 00000008 B gfxBottomFramebuffers
0013377c 00000004 B gfxSharedMemory
00133780 00000001 B gfxThreadID
00133784 00000004 B gfxTopFramebufferMaxSize
00133788 00000008 B gfxTopLeftFramebuffers
00133790 00000008 B gfxTopRightFramebuffers
00133798 00000004 B gspEvent
0013379c 00000004 B gspSharedMemHandle
001337a0 00000004 b screenAlloc
001337a4 00000004 b screenFree
001337a8 0000001c B topFramebufferInfo
001337c4 00000004 b currentAddr
001337c8 00000004 b maxAddr
001337cc 00000004 b minAddr
001337d0 00000004 b boundQueue
001337d4 00000004 B gxCmdBuf
001337d8 00000004 b curQueue
001337dc 00000001 b isActive
001337dd 00000001 b isRunning
001337de 00000001 b shouldStop
001337e0 00000004 B gpuCmdBuf
001337e4 00000004 B gpuCmdBufOffset
001337e8 00000004 B gpuCmdBufSize
001337ec 00000004 b gspEvent
001337f0 0000001c b gspEventCb
0013380c 0000001c b gspEventCbData
00133828 00000007 b gspEventCbOneShot
00133830 0000001c b gspEventCounts
0013384c 00000004 b gspEventData
00133850 00000004 b gspEventThread
00133854 00000038 b gspEvents
0013388c 00000004 B gspGpuHandle
00133890 00000004 b gspRefCount
00133894 00000001 b gspRunEvents
00133898 00000080 b fsExemptArchives
00133918 00000004 b fsuHandle
0013391c 00000004 b fsuRefCount
00133920 00000001 b aptChainloadMediatype
00133928 00000008 b aptChainloadTid
00133930 00000004 b aptEventHandlerThread
00133934 0000000c b aptEvents
00133940 0000000c b aptFirstHook
0013394c 00000001 b aptHomeButtonState
00133950 00000004 b aptLockHandle
00133954 00000004 b aptMessageFunc
00133958 00000004 b aptMessageFuncData
0013395c 00001000 b aptParameters
0013495c 00000001 b aptRecentHomeButtonState
00134960 00000004 b aptRefCount
00134964 00000008 b aptSleepEvent
0013496c 00000001 b flagInit.1
0013496d 00000001 b flagValue.0
00134970 00000004 b serviceName.3
00134974 00000006 b aVec
0013497c 00000004 b cPos
00134980 00000006 b gRate
00134988 00000014 B hidEvents
0013499c 00000004 B hidHandle
001349a0 00000004 B hidMemHandle
001349a4 00000004 b hidRefCount
001349a8 00000004 B hidSharedMem
001349ac 00000004 b kDown
001349b0 00000004 b kHeld
001349b4 00000004 b kOld
001349b8 00000004 b kRepeat
001349bc 00000004 b kUp
001349c0 00000004 b tPos
001349c4 00000001 b usingIrrst
001349c8 00000004 b ptmSysmHandle
001349cc 00000004 b ptmSysmRefCount
001349d0 00000004 B __system_retAddr
001349d4 00000004 B __ctru_heap
001349d8 00000004 V __ctru_heap_size
001349dc 00000004 B __ctru_linear_heap
001349e0 00000004 V __ctru_linear_heap_size
001349e4 00000004 B __system_argc
001349e8 00000004 B __system_argv
001349ec 00000004 b arbiter
001349f0 00000004 b srvHandle
001349f4 00000004 b srvRefCount
001349f8 00000004 b csPos
001349fc 00000004 B irrstEvent
00134a00 00000004 B irrstHandle
00134a04 00000004 B irrstMemHandle
00134a08 00000004 b irrstRefCount
00134a0c 00000004 B irrstSharedMem
00134a10 00000004 b kHeld
00134a14 00000004 b srvPmHandle
00134a18 00000004 b archive_device_cwd
00134a20 00001500 b archive_devices
00135f20 00000001 b archive_initialized
00135f24 00000028 B __malloc_current_mallinfo
00135f4c 00000004 B __malloc_max_sbrked_mem
00135f50 00000004 B __malloc_max_total_mem
00135f54 00000004 B __malloc_top_pad
00135f58 00000004 b heap_start.0
00135f5c 00000004 B fake_heap_end
00135f60 00000004 B fake_heap_start
00135f64 00000400 b temp_cwd
00136364 00000048 B __syscalls
001363ac B __tls_start
001377b8 B __bss_end__
001377b8 A __end__
001377b8 B __tls_end
